Build started 2015/6/29 22:43:05.
     1>Project "D:\Projects_Face_Alignment\face-alignment-cpp\train_model\FaceAlignment\FaceAlignment.vcxproj" on node 2 (Build target(s)).
     1>ClCompile:
         C:\Program Files (x86)\Microsoft Visual Studio 12.0\VC\bin\x86_amd64\CL.exe /c /I"C:\Program Files (x86)\Visual Leak Detector\include" /Zi /nologo /W3 /WX- /Od /Oi /GL /D WIN32 /D NDEBUG /D _CONSOLE /D _LIB /D _UNICODE /D UNICODE /Gm- /EHsc /MD /GS /Gy /fp:precise /Zc:wchar_t /Zc:forScope /openmp /Fo"x64\Release\\" /Fd"x64\Release\vc120.pdb" /Gd /TC /errorReport:prompt liblinear\blas\daxpy.c liblinear\blas\ddot.c liblinear\blas\dnrm2.c liblinear\blas\dscal.c
         daxpy.c
         ddot.c
         dnrm2.c
         dscal.c
       Link:
         C:\Program Files (x86)\Microsoft Visual Studio 12.0\VC\bin\x86_amd64\link.exe /ERRORREPORT:PROMPT /OUT:"D:\Projects_Face_Alignment\face-alignment-cpp\train_model\x64\Release\FaceAlignment.exe" /INCREMENTAL:NO /NOLOGO /LIBPATH:"C:\Program Files (x86)\Visual Leak Detector\lib\Win64" opencv_core249.lib opencv_highgui249.lib opencv_objdetect249.lib opencv_imgproc249.lib opencv_calib3d249.lib opencv_ocl249.lib opencv_video249.lib "libboost_program_options-vc120-mt-1_57.lib" kernel32.lib user32.lib gdi32.lib winspool.lib comdlg32.lib advapi32.lib shell32.lib ole32.lib oleaut32.lib uuid.lib odbc32.lib odbccp32.lib /MANIFEST /MANIFESTUAC:"level='asInvoker' uiAccess='false'" /manifest:embed /DEBUG /PDB:"D:\Projects_Face_Alignment\face-alignment-cpp\train_model\x64\Release\FaceAlignment.pdb" /SUBSYSTEM:CONSOLE /OPT:REF /OPT:ICF /LTCG /TLBID:1 /DYNAMICBASE /NXCOMPAT /IMPLIB:"D:\Projects_Face_Alignment\face-alignment-cpp\train_model\x64\Release\FaceAlignment.lib" /MACHINE:X64 x64\Release\derivebinaryfeat.obj
         x64\Release\evaluate.obj
         x64\Release\globalregression.obj
         x64\Release\landmark.obj
         x64\Release\daxpy.obj
         x64\Release\ddot.obj
         x64\Release\dnrm2.obj
         x64\Release\dscal.obj
         x64\Release\linear.obj
         x64\Release\tron.obj
         x64\Release\main.obj
         x64\Release\randomforest.obj
         x64\Release\train.obj
         x64\Release\utils.obj
         Generating code
         Finished generating code
         FaceAlignment.vcxproj -> D:\Projects_Face_Alignment\face-alignment-cpp\train_model\x64\Release\FaceAlignment.exe
     1>Done Building Project "D:\Projects_Face_Alignment\face-alignment-cpp\train_model\FaceAlignment\FaceAlignment.vcxproj" (Build target(s)).

Build succeeded.

Time Elapsed 00:00:03.82
