d:\projects_face_alignment\facealignment\facealignment\debug\vc120.pdb
d:\projects_face_alignment\facealignment\facealignment\debug\utils.obj
d:\projects_face_alignment\facealignment\facealignment\debug\train.obj
d:\projects_face_alignment\facealignment\facealignment\debug\randomforest.obj
d:\projects_face_alignment\facealignment\facealignment\debug\main.obj
d:\projects_face_alignment\facealignment\facealignment\debug\landmark.obj
d:\projects_face_alignment\facealignment\facealignment\debug\globalregression.obj
d:\projects_face_alignment\facealignment\facealignment\debug\derivebinaryfeat.obj
d:\projects_face_alignment\facealignment\facealignment\debug\tron.obj
d:\projects_face_alignment\facealignment\facealignment\debug\linear.obj
d:\projects_face_alignment\facealignment\facealignment\debug\dscal.obj
d:\projects_face_alignment\facealignment\facealignment\debug\dnrm2.obj
d:\projects_face_alignment\facealignment\facealignment\debug\ddot.obj
d:\projects_face_alignment\facealignment\facealignment\debug\daxpy.obj
d:\projects_face_alignment\facealignment\debug\facealignment.ilk
d:\projects_face_alignment\facealignment\debug\facealignment.exe
d:\projects_face_alignment\facealignment\debug\facealignment.pdb
d:\projects_face_alignment\facealignment\facealignment\debug\facealignment.tlog\cl.command.1.tlog
d:\projects_face_alignment\facealignment\facealignment\debug\facealignment.tlog\cl.read.1.tlog
d:\projects_face_alignment\facealignment\facealignment\debug\facealignment.tlog\cl.write.1.tlog
d:\projects_face_alignment\facealignment\facealignment\debug\facealignment.tlog\link.command.1.tlog
d:\projects_face_alignment\facealignment\facealignment\debug\facealignment.tlog\link.read.1.tlog
d:\projects_face_alignment\facealignment\facealignment\debug\facealignment.tlog\link.write.1.tlog
