Build started 2015/3/6 0:35:30.
     1>Project "D:\Projects_Face_Alignment\FaceAlignment\FaceAlignment\FaceAlignment.vcxproj" on node 2 (Rebuild target(s)).
     1>ClCompile:
         C:\Program Files (x86)\Microsoft Visual Studio 12.0\VC\bin\CL.exe /c /Zi /nologo /W1 /WX- /Od /Oy- /Gm- /EHsc /MD /GS /fp:precise /Zc:wchar_t /Zc:forScope /Fo"Debug\\" /Fd"Debug\vc120.pdb" /Gd /TP /analyze- /errorReport:prompt derivebinaryfeat.cpp globalregression.cpp landmark.cpp liblinear\linear.cpp liblinear\tron.cpp main.cpp randomforest.cpp train.cpp utils.cpp
         derivebinaryfeat.cpp
         globalregression.cpp
         landmark.cpp
         linear.cpp
         tron.cpp
         main.cpp
         randomforest.cpp
         train.cpp
         utils.cpp
         Generating Code...
         C:\Program Files (x86)\Microsoft Visual Studio 12.0\VC\bin\CL.exe /c /Zi /nologo /W1 /WX- /Od /Oy- /Gm- /EHsc /MD /GS /fp:precise /Zc:wchar_t /Zc:forScope /Fo"Debug\\" /Fd"Debug\vc120.pdb" /Gd /TC /analyze- /errorReport:prompt liblinear\blas\daxpy.c liblinear\blas\ddot.c liblinear\blas\dnrm2.c liblinear\blas\dscal.c
         daxpy.c
         ddot.c
         dnrm2.c
         dscal.c
         Generating Code...
       Link:
         C:\Program Files (x86)\Microsoft Visual Studio 12.0\VC\bin\link.exe /ERRORREPORT:PROMPT /OUT:"D:\Projects_Face_Alignment\FaceAlignment\Debug\FaceAlignment.exe" /NOLOGO opencv_core249d.lib opencv_highgui249d.lib opencv_imgproc249d.lib opencv_objdetect249d.lib opencv_calib3d249d.lib opencv_ocl249d.lib opencv_video249d.lib kernel32.lib user32.lib gdi32.lib winspool.lib comdlg32.lib advapi32.lib shell32.lib ole32.lib oleaut32.lib uuid.lib odbc32.lib odbccp32.lib /MANIFEST /MANIFESTUAC:"level='asInvoker' uiAccess='false'" /manifest:embed /DEBUG /PDB:"D:\Projects_Face_Alignment\FaceAlignment\Debug\FaceAlignment.pdb" /TLBID:1 /DYNAMICBASE /NXCOMPAT /IMPLIB:"D:\Projects_Face_Alignment\FaceAlignment\Debug\FaceAlignment.lib" /MACHINE:X86 /SAFESEH Debug\derivebinaryfeat.obj
         Debug\globalregression.obj
         Debug\landmark.obj
         Debug\daxpy.obj
         Debug\ddot.obj
         Debug\dnrm2.obj
         Debug\dscal.obj
         Debug\linear.obj
         Debug\tron.obj
         Debug\main.obj
         Debug\randomforest.obj
         Debug\train.obj
         Debug\utils.obj
         FaceAlignment.vcxproj -> D:\Projects_Face_Alignment\FaceAlignment\Debug\FaceAlignment.exe
     1>Done Building Project "D:\Projects_Face_Alignment\FaceAlignment\FaceAlignment\FaceAlignment.vcxproj" (Rebuild target(s)).

Build succeeded.

Time Elapsed 00:00:10.59
