d:\projects_face_alignment\facealignment\facealignment\release\vc120.pdb
d:\projects_face_alignment\facealignment\facealignment\release\train.obj
d:\projects_face_alignment\facealignment\facealignment\release\randomforest.obj
d:\projects_face_alignment\facealignment\facealignment\release\main.obj
d:\projects_face_alignment\facealignment\facealignment\release\landmark.obj
d:\projects_face_alignment\facealignment\facealignment\release\globalregression.obj
d:\projects_face_alignment\facealignment\facealignment\release\derivebinaryfeat.obj
d:\projects_face_alignment\facealignment\facealignment\release\utils.obj
d:\projects_face_alignment\facealignment\facealignment\release\tron.obj
d:\projects_face_alignment\facealignment\facealignment\release\linear.obj
d:\projects_face_alignment\facealignment\facealignment\release\dscal.obj
d:\projects_face_alignment\facealignment\facealignment\release\dnrm2.obj
d:\projects_face_alignment\facealignment\facealignment\release\ddot.obj
d:\projects_face_alignment\facealignment\facealignment\release\daxpy.obj
d:\projects_face_alignment\facealignment\facealignment\release\evaluate.obj
d:\projects_face_alignment\facealignment\release\facealignment.exe
d:\projects_face_alignment\facealignment\release\facealignment.pdb
d:\projects_face_alignment\facealignment\facealignment\release\facealignment.tlog\cl.command.1.tlog
d:\projects_face_alignment\facealignment\facealignment\release\facealignment.tlog\cl.read.1.tlog
d:\projects_face_alignment\facealignment\facealignment\release\facealignment.tlog\cl.write.1.tlog
d:\projects_face_alignment\facealignment\facealignment\release\facealignment.tlog\link.command.1.tlog
d:\projects_face_alignment\facealignment\facealignment\release\facealignment.tlog\link.read.1.tlog
d:\projects_face_alignment\facealignment\facealignment\release\facealignment.tlog\link.write.1.tlog
